/*C12*/SET SCHEMA PUBLIC
drop table if exists game CASCADE 
drop table if exists rating CASCADE 
drop table if exists user CASCADE 
drop table if exists user_role CASCADE 
drop sequence hibernate_sequence if exists
create sequence hibernate_sequence start with 1 increment by 1
create table game (id bigint not null, text varchar(255), user_id bigint, primary key (id))
create table rating (id bigint not null, ratio double, username varchar(255), primary key (id))
create table user (id bigint not null, active boolean not null, password varchar(255), tryings integer not null, username varchar(255), victories integer not null, primary key (id))
create table user_role (user_id bigint not null, roles varchar(255))
alter table game add constraint FKefqw7nsur06wyld1gavn3ic6b foreign key (user_id) references user
alter table user_role add constraint FK859n2jvi8ivhui0rl0esws6o foreign key (user_id) references user
INSERT INTO USER VALUES(1,TRUE,'g',0,'g',0)
INSERT INTO USER_ROLE VALUES(1,'USER')
ALTER SEQUENCE PUBLIC.HIBERNATE_SEQUENCE RESTART WITH 2
COMMIT
DELETE FROM USER WHERE ID=1
INSERT INTO USER VALUES(1,TRUE,'g',1,'g',0)
COMMIT
INSERT INTO GAME VALUES(2,'1234 -- 0\u04111\u041a',1)
ALTER SEQUENCE PUBLIC.HIBERNATE_SEQUENCE RESTART WITH 3
COMMIT
INSERT INTO RATING VALUES(3,2.0E0,'g')
ALTER SEQUENCE PUBLIC.HIBERNATE_SEQUENCE RESTART WITH 4
COMMIT
DELETE FROM USER WHERE ID=1
INSERT INTO USER VALUES(1,TRUE,'g',2,'g',1)
COMMIT
INSERT INTO GAME VALUES(4,'0627 -- 4\u04110\u041a  \u0412\u044b \u043f\u043e\u0431\u0435\u0434\u0438\u043b\u0438!',1)
ALTER SEQUENCE PUBLIC.HIBERNATE_SEQUENCE RESTART WITH 5
COMMIT
DELETE FROM USER WHERE ID=1
INSERT INTO USER VALUES(1,TRUE,'g',3,'g',1)
COMMIT
INSERT INTO GAME VALUES(5,'8745 -- 0\u04112\u041a',1)
ALTER SEQUENCE PUBLIC.HIBERNATE_SEQUENCE RESTART WITH 6
COMMIT
DELETE FROM USER WHERE ID=1
INSERT INTO USER VALUES(1,TRUE,'g',4,'g',1)
COMMIT
INSERT INTO GAME VALUES(6,'0627 -- 0\u04111\u041a',1)
ALTER SEQUENCE PUBLIC.HIBERNATE_SEQUENCE RESTART WITH 7
COMMIT
INSERT INTO USER VALUES(7,TRUE,'h',0,'h',0)
INSERT INTO USER_ROLE VALUES(7,'USER')
ALTER SEQUENCE PUBLIC.HIBERNATE_SEQUENCE RESTART WITH 8
COMMIT
DELETE FROM USER WHERE ID=7
INSERT INTO USER VALUES(7,TRUE,'h',1,'h',0)
COMMIT
INSERT INTO GAME VALUES(8,'7854 -- 1\u04111\u041a',7)
ALTER SEQUENCE PUBLIC.HIBERNATE_SEQUENCE RESTART WITH 9
COMMIT
DELETE FROM USER WHERE ID=7
INSERT INTO USER VALUES(7,TRUE,'h',2,'h',0)
COMMIT
INSERT INTO GAME VALUES(9,'7861 -- 1\u04111\u041a',7)
ALTER SEQUENCE PUBLIC.HIBERNATE_SEQUENCE RESTART WITH 10
COMMIT
DELETE FROM USER WHERE ID=7
INSERT INTO USER VALUES(7,TRUE,'h',3,'h',0)
COMMIT
INSERT INTO GAME VALUES(10,'7823 -- 0\u04110\u041a',7)
ALTER SEQUENCE PUBLIC.HIBERNATE_SEQUENCE RESTART WITH 11
COMMIT
DELETE FROM USER WHERE ID=7
INSERT INTO USER VALUES(7,TRUE,'h',4,'h',0)
COMMIT
INSERT INTO GAME VALUES(11,'4857 -- 1\u04111\u041a',7)
ALTER SEQUENCE PUBLIC.HIBERNATE_SEQUENCE RESTART WITH 12
COMMIT
INSERT INTO RATING VALUES(12,5.0E0,'h')
ALTER SEQUENCE PUBLIC.HIBERNATE_SEQUENCE RESTART WITH 13
COMMIT
DELETE FROM USER WHERE ID=7
INSERT INTO USER VALUES(7,TRUE,'h',5,'h',1)
COMMIT
INSERT INTO GAME VALUES(13,'6451 -- 4\u04110\u041a  \u0412\u044b \u043f\u043e\u0431\u0435\u0434\u0438\u043b\u0438!',7)
ALTER SEQUENCE PUBLIC.HIBERNATE_SEQUENCE RESTART WITH 14
COMMIT
drop table if exists game CASCADE 
drop table if exists rating CASCADE 
drop table if exists user CASCADE 
drop table if exists user_role CASCADE 
drop sequence hibernate_sequence if exists
DISCONNECT
/*C13*/SET SCHEMA PUBLIC
DISCONNECT
/*C14*/SET SCHEMA PUBLIC
DISCONNECT
/*C15*/SET SCHEMA PUBLIC
DISCONNECT
/*C16*/SET SCHEMA PUBLIC
DISCONNECT
/*C17*/SET SCHEMA PUBLIC
DISCONNECT
/*C18*/SET SCHEMA PUBLIC
DISCONNECT
/*C19*/SET SCHEMA PUBLIC
DISCONNECT
/*C20*/SET SCHEMA PUBLIC
DISCONNECT
/*C21*/SET SCHEMA PUBLIC
DISCONNECT
